2026-03-26 17:42:12,824 | INFO | tenantai | get_bot_response.py:51 | get_from_kafka() | Listening on bot_message_topic
2026-03-26 17:46:39,254 | INFO | tenantai | get_bot_response.py:51 | get_from_kafka() | Listening on bot_message_topic
2026-03-26 18:13:37,058 | INFO | tenantai | get_bot_response.py:51 | get_from_kafka() | Listening on bot_message_topic
2026-03-26 19:53:17,569 | INFO | tenantai | get_bot_response.py:51 | get_from_kafka() | Listening on bot_message_topic
2026-03-26 21:22:17,427 | INFO | tenantai | get_bot_response.py:51 | get_from_kafka() | Listening on bot_message_topic
2026-03-26 21:25:03,436 | INFO | tenantai | store_file_vector.py:48 | get_from_kafka() | Listening on file_upload_topic
2026-03-26 21:25:03,654 | INFO | tenantai | get_bot_response.py:51 | get_from_kafka() | Listening on bot_message_topic
2026-03-27 14:43:01,797 | INFO | tenantai | get_bot_response.py:51 | get_from_kafka() | Listening on bot_message_topic
2026-03-27 14:43:01,799 | INFO | tenantai | store_file_vector.py:48 | get_from_kafka() | Listening on file_upload_topic
2026-03-27 14:49:36,950 | INFO | tenantai | store_file_vector.py:48 | get_from_kafka() | Listening on file_upload_topic
2026-03-27 14:49:36,977 | INFO | tenantai | get_bot_response.py:51 | get_from_kafka() | Listening on bot_message_topic
2026-03-27 15:02:43,257 | INFO | tenantai | store_file_vector.py:48 | get_from_kafka() | Listening on file_upload_topic
2026-03-27 15:02:43,274 | INFO | tenantai | get_bot_response.py:51 | get_from_kafka() | Listening on bot_message_topic
2026-03-28 02:42:21,736 | INFO | tenantai | store_file_vector.py:48 | get_from_kafka() | Listening on file_upload_topic
2026-03-28 02:42:21,738 | INFO | tenantai | get_bot_response.py:51 | get_from_kafka() | Listening on bot_message_topic
2026-03-28 04:58:28,219 | INFO | tenantai | store_file_vector.py:48 | get_from_kafka() | Listening on file_upload_topic
2026-03-28 04:58:28,221 | INFO | tenantai | get_bot_response.py:51 | get_from_kafka() | Listening on bot_message_topic
2026-03-28 05:29:20,311 | INFO | tenantai | store_file_vector.py:48 | get_from_kafka() | Listening on file_upload_topic
2026-03-28 05:29:20,310 | INFO | tenantai | get_bot_response.py:51 | get_from_kafka() | Listening on bot_message_topic
2026-03-28 15:27:54,243 | INFO | tenantai | get_bot_response.py:51 | get_from_kafka() | Listening on bot_message_topic
2026-03-28 15:27:54,265 | INFO | tenantai | store_file_vector.py:48 | get_from_kafka() | Listening on file_upload_topic
2026-03-28 18:00:54,310 | INFO | tenantai | get_bot_response.py:51 | get_from_kafka() | Listening on bot_message_topic
2026-03-28 18:00:54,309 | INFO | tenantai | store_file_vector.py:48 | get_from_kafka() | Listening on file_upload_topic
2026-03-28 18:28:17,242 | INFO | tenantai | store_file_vector.py:48 | get_from_kafka() | Listening on file_upload_topic
2026-03-28 18:28:17,242 | INFO | tenantai | get_bot_response.py:51 | get_from_kafka() | Listening on bot_message_topic
2026-03-29 15:01:56,886 | INFO | tenantai | get_bot_response.py:51 | get_from_kafka() | Listening on bot_message_topic
2026-03-29 15:01:57,203 | INFO | tenantai | store_file_vector.py:48 | get_from_kafka() | Listening on file_upload_topic
2026-03-30 05:25:40,888 | INFO | tenantai | store_file_vector.py:48 | get_from_kafka() | Listening on file_upload_topic
2026-03-30 05:25:40,957 | INFO | tenantai | get_bot_response.py:51 | get_from_kafka() | Listening on bot_message_topic
2026-03-30 11:05:51,018 | INFO | tenantai | get_bot_response.py:51 | get_from_kafka() | Listening on bot_message_topic
2026-03-30 11:05:51,020 | INFO | tenantai | store_file_vector.py:48 | get_from_kafka() | Listening on file_upload_topic
2026-03-30 11:44:16,507 | INFO | tenantai | get_bot_response.py:51 | get_from_kafka() | Listening on bot_message_topic
2026-03-30 11:44:16,510 | INFO | tenantai | store_file_vector.py:48 | get_from_kafka() | Listening on file_upload_topic
2026-03-31 02:24:49,892 | INFO | tenantai | store_file_vector.py:48 | get_from_kafka() | Listening on file_upload_topic
2026-03-31 02:24:49,887 | INFO | tenantai | get_bot_response.py:51 | get_from_kafka() | Listening on bot_message_topic
2026-03-31 02:44:21,992 | INFO | tenantai | store_file_vector.py:56 | get_from_kafka() | Status : False - Error in generating: [Errno 2] No such file or directory: 'uploaded_file'
2026-03-31 02:51:27,588 | INFO | tenantai | store_file_vector.py:56 | get_from_kafka() | Status : False - Error in generating: [Errno 2] No such file or directory: 'uploaded_file'
2026-03-31 02:53:24,576 | INFO | tenantai | get_bot_response.py:51 | get_from_kafka() | Listening on bot_message_topic
2026-03-31 02:53:24,577 | INFO | tenantai | store_file_vector.py:48 | get_from_kafka() | Listening on file_upload_topic
2026-03-31 02:58:24,868 | INFO | tenantai | store_file_vector.py:56 | get_from_kafka() | Status : False - Error in generating: Stream has ended unexpectedly
2026-03-31 03:06:37,879 | INFO | tenantai | get_bot_response.py:51 | get_from_kafka() | Listening on bot_message_topic
2026-03-31 03:06:37,893 | INFO | tenantai | store_file_vector.py:49 | get_from_kafka() | Listening on file_upload_topic
2026-03-31 09:49:13,551 | INFO | tenantai | store_file_vector.py:49 | get_from_kafka() | Listening on file_upload_topic
2026-03-31 09:49:13,562 | INFO | tenantai | get_bot_response.py:51 | get_from_kafka() | Listening on bot_message_topic
2026-03-31 10:11:36,301 | INFO | tenantai | get_bot_response.py:51 | get_from_kafka() | Listening on bot_message_topic
2026-03-31 10:11:36,305 | INFO | tenantai | store_file_vector.py:49 | get_from_kafka() | Listening on file_upload_topic
2026-03-31 12:03:07,566 | INFO | tenantai | store_file_vector.py:48 | get_from_kafka() | Listening on file_upload_topic
2026-03-31 12:03:07,610 | INFO | tenantai | get_bot_response.py:51 | get_from_kafka() | Listening on bot_message_topic
2026-03-31 12:08:08,987 | INFO | tenantai | store_file_vector.py:54 | get_from_kafka() | file_context : {'tenant_id': 1, 'uploaded_file': 'files/tenant_1/pdf_generator_chatbot_knowledge_base11.pdf', 'brand_ids': [1]}
2026-03-31 12:15:53,467 | INFO | tenantai | store_file_vector.py:54 | get_from_kafka() | file_context : {'tenant_id': 1, 'uploaded_file': 'files/tenant_1/pdf_generator_chatbot_knowledge_base12.pdf', 'brand_ids': [1]}
2026-03-31 12:17:11,695 | INFO | tenantai | store_file_vector.py:48 | get_from_kafka() | Listening on file_upload_topic
2026-03-31 12:17:11,810 | INFO | tenantai | get_bot_response.py:51 | get_from_kafka() | Listening on bot_message_topic
2026-03-31 12:22:12,972 | INFO | tenantai | store_file_vector.py:54 | get_from_kafka() | file_context : {'tenant_id': 1, 'uploaded_file': 'files/tenant_1/pdf_generator_chatbot_knowledge_base13.pdf', 'brand_ids': [1]}
2026-03-31 12:22:13,167 | INFO | tenantai | store_file_vector.py:57 | get_from_kafka() | Status : False - Error in generating: [Errno 2] No such file or directory: '/ai_service/uploaded_file'
2026-03-31 17:23:07,021 | INFO | tenantai | store_file_vector.py:54 | get_from_kafka() | file_context : {'tenant_id': 1, 'uploaded_file': 'files/tenant_1/pdf_generator_chatbot_knowledge_base14.pdf', 'brand_ids': [1]}
2026-03-31 17:23:07,048 | INFO | tenantai | store_file_vector.py:57 | get_from_kafka() | Status : False - Error in generating: [Errno 2] No such file or directory: '/ai_service/uploaded_file'
2026-03-31 17:28:28,458 | INFO | tenantai | get_bot_response.py:51 | get_from_kafka() | Listening on bot_message_topic
2026-03-31 17:28:28,460 | INFO | tenantai | store_file_vector.py:48 | get_from_kafka() | Listening on file_upload_topic
2026-03-31 17:33:28,924 | INFO | tenantai | store_file_vector.py:54 | get_from_kafka() | file_context : {'tenant_id': 1, 'uploaded_file': 'files/tenant_1/pdf_generator_chatbot_knowledge_base15.pdf', 'brand_ids': [1]}
2026-03-31 17:33:29,080 | INFO | tenantai | store_file_vector.py:57 | get_from_kafka() | Status : False - Error in generating: [Errno 2] No such file or directory: '/ai_service/uploaded_file'
2026-03-31 17:37:01,398 | INFO | tenantai | store_file_vector.py:48 | get_from_kafka() | Listening on file_upload_topic
2026-03-31 17:37:01,401 | INFO | tenantai | get_bot_response.py:51 | get_from_kafka() | Listening on bot_message_topic
2026-03-31 17:42:01,879 | INFO | tenantai | store_file_vector.py:54 | get_from_kafka() | file_context : {'tenant_id': 1, 'uploaded_file': 'files/tenant_1/pdf_generator_chatbot_knowledge_base16.pdf', 'brand_ids': [1]}
2026-03-31 17:42:02,061 | INFO | tenantai | store_file_vector.py:57 | get_from_kafka() | Status : False - Error in generating: [Errno 2] No such file or directory: '/ai_service/uploaded_file'
2026-03-31 17:46:29,679 | INFO | tenantai | store_file_vector.py:48 | get_from_kafka() | Listening on file_upload_topic
2026-03-31 17:46:30,498 | INFO | tenantai | get_bot_response.py:51 | get_from_kafka() | Listening on bot_message_topic
2026-03-31 17:51:30,004 | INFO | tenantai | store_file_vector.py:54 | get_from_kafka() | file_context : {'tenant_id': 1, 'uploaded_file': 'files/tenant_1/pdf_generator_chatbot_knowledge_base17.pdf', 'brand_ids': [1]}
2026-03-31 17:51:56,044 | INFO | tenantai | store_file_vector.py:57 | get_from_kafka() | Status : True - Successfuly stored vectors
2026-03-31 17:59:07,283 | INFO | tenantai | store_file_vector.py:48 | get_from_kafka() | Listening on file_upload_topic
2026-03-31 17:59:07,288 | INFO | tenantai | get_bot_response.py:51 | get_from_kafka() | Listening on bot_message_topic
2026-04-01 09:40:47,961 | INFO | tenantai | get_bot_response.py:51 | get_from_kafka() | Listening on bot_message_topic
2026-04-01 09:40:50,682 | INFO | tenantai | store_file_vector.py:48 | get_from_kafka() | Listening on file_upload_topic
2026-04-01 09:46:08,043 | INFO | tenantai | store_file_vector.py:48 | get_from_kafka() | Listening on file_upload_topic
2026-04-01 09:46:08,058 | INFO | tenantai | get_bot_response.py:51 | get_from_kafka() | Listening on bot_message_topic
2026-04-03 19:09:07,491 | INFO | tenantai | store_file_vector.py:48 | get_from_kafka() | Listening on file_upload_topic
2026-04-03 19:09:07,495 | INFO | tenantai | get_bot_response.py:51 | get_from_kafka() | Listening on bot_message_topic
2026-04-03 19:53:24,868 | ERROR | tenantai | get_bot_response.py:83 | get_from_kafka() | Error in recieving from kafka : string indices must be integers, not 'str'
Traceback (most recent call last):
  File "/app/get_bot_response.py", line 61, in get_from_kafka
    message_response['session_id'] = message_query['session_id']
                                     ~~~~~~~~~~~~~^^^^^^^^^^^^^^
TypeError: string indices must be integers, not 'str'
2026-04-03 20:03:39,813 | INFO | tenantai | get_bot_response.py:51 | get_from_kafka() | Listening on bot_message_topic
2026-04-03 20:03:39,818 | INFO | tenantai | store_file_vector.py:48 | get_from_kafka() | Listening on file_upload_topic
2026-04-04 10:57:10,193 | INFO | tenantai | get_bot_response.py:51 | get_from_kafka() | Listening on bot_message_topic
2026-04-04 10:57:10,216 | INFO | tenantai | store_file_vector.py:48 | get_from_kafka() | Listening on file_upload_topic
2026-04-04 11:52:47,815 | INFO | tenantai | get_bot_response.py:51 | get_from_kafka() | Listening on bot_message_topic
2026-04-04 11:52:47,814 | INFO | tenantai | store_file_vector.py:48 | get_from_kafka() | Listening on file_upload_topic
2026-04-04 15:13:59,517 | INFO | tenantai | get_bot_response.py:51 | get_from_kafka() | Listening on bot_message_topic
2026-04-04 15:13:59,520 | INFO | tenantai | store_file_vector.py:48 | get_from_kafka() | Listening on file_upload_topic
2026-04-04 15:15:29,271 | INFO | tenantai | store_file_vector.py:48 | get_from_kafka() | Listening on file_upload_topic
2026-04-04 15:15:29,335 | INFO | tenantai | get_bot_response.py:51 | get_from_kafka() | Listening on bot_message_topic
2026-04-04 18:00:44,713 | INFO | tenantai | store_file_vector.py:48 | get_from_kafka() | Listening on file_upload_topic
2026-04-04 18:00:48,105 | INFO | tenantai | get_bot_response.py:51 | get_from_kafka() | Listening on bot_message_topic
2026-04-05 14:31:29,245 | INFO | tenantai | get_bot_response.py:51 | get_from_kafka() | Listening on bot_message_topic
2026-04-05 14:31:29,765 | INFO | tenantai | store_file_vector.py:48 | get_from_kafka() | Listening on file_upload_topic
2026-04-05 14:41:54,941 | ERROR | tenantai | get_bot_response.py:83 | get_from_kafka() | Error in recieving from kafka : Cannot send a request, as the client has been closed.
Traceback (most recent call last):
  File "/app/get_bot_response.py", line 72, in get_from_kafka
    relevant_chunks = rag.retrieve_relevant_chunks(int(message_query['tenant_id']), int(message_query['tenant_brand_id']), message_query.get("message"))
                      ^^^^^^^^^^^^^^^^^^^^^^^^^^^^^^^^^^^^^^^^^^^^^^^^^^^^^^^^^^^^^^^^^^^^^^^^^^^^^^^^^^^^^^^^^^^^^^^^^^^^^^^^^^^^^^^^^^^^^^^^^^^^^^^^^^
  File "/app/rag.py", line 95, in retrieve_relevant_chunks
    query_embedding = get_model().encode([query]).tolist()
                      ^^^^^^^^^^^
  File "/app/rag.py", line 18, in get_model
    embedding_model = SentenceTransformer("all-MiniLM-L6-v2")
                      ^^^^^^^^^^^^^^^^^^^^^^^^^^^^^^^^^^^^^^^
  File "/usr/local/lib/python3.11/site-packages/sentence_transformers/SentenceTransformer.py", line 339, in __init__
    modules = self._load_auto_model(
              ^^^^^^^^^^^^^^^^^^^^^^
  File "/usr/local/lib/python3.11/site-packages/sentence_transformers/SentenceTransformer.py", line 2130, in _load_auto_model
    transformer_model = Transformer(
                        ^^^^^^^^^^^^
  File "/usr/local/lib/python3.11/site-packages/sentence_transformers/models/Transformer.py", line 120, in __init__
    config, is_peft_model = self._load_config(model_name_or_path, cache_dir, backend, config_args)
                            ^^^^^^^^^^^^^^^^^^^^^^^^^^^^^^^^^^^^^^^^^^^^^^^^^^^^^^^^^^^^^^^^^^^^^^
  File "/usr/local/lib/python3.11/site-packages/sentence_transformers/models/Transformer.py", line 171, in _load_config
    find_adapter_config_file(
  File "/usr/local/lib/python3.11/site-packages/transformers/utils/peft_utils.py", line 84, in find_adapter_config_file
    adapter_cached_filename = cached_file(
                              ^^^^^^^^^^^^
  File "/usr/local/lib/python3.11/site-packages/transformers/utils/hub.py", line 278, in cached_file
    file = cached_files(path_or_repo_id=path_or_repo_id, filenames=[filename], **kwargs)
           ^^^^^^^^^^^^^^^^^^^^^^^^^^^^^^^^^^^^^^^^^^^^^^^^^^^^^^^^^^^^^^^^^^^^^^^^^^^^^
  File "/usr/local/lib/python3.11/site-packages/transformers/utils/hub.py", line 512, in cached_files
    raise e
  File "/usr/local/lib/python3.11/site-packages/transformers/utils/hub.py", line 422, in cached_files
    hf_hub_download(
  File "/usr/local/lib/python3.11/site-packages/huggingface_hub/utils/_validators.py", line 89, in _inner_fn
    return fn(*args, **kwargs)
           ^^^^^^^^^^^^^^^^^^^
  File "/usr/local/lib/python3.11/site-packages/huggingface_hub/file_download.py", line 986, in hf_hub_download
    return _hf_hub_download_to_cache_dir(
           ^^^^^^^^^^^^^^^^^^^^^^^^^^^^^^
  File "/usr/local/lib/python3.11/site-packages/huggingface_hub/file_download.py", line 1119, in _hf_hub_download_to_cache_dir
    _get_metadata_or_catch_error(
  File "/usr/local/lib/python3.11/site-packages/huggingface_hub/file_download.py", line 1653, in _get_metadata_or_catch_error
    metadata = get_hf_file_metadata(
               ^^^^^^^^^^^^^^^^^^^^^
  File "/usr/local/lib/python3.11/site-packages/huggingface_hub/utils/_validators.py", line 89, in _inner_fn
    return fn(*args, **kwargs)
           ^^^^^^^^^^^^^^^^^^^
  File "/usr/local/lib/python3.11/site-packages/huggingface_hub/file_download.py", line 1576, in get_hf_file_metadata
    response = _httpx_follow_relative_redirects_with_backoff(
               ^^^^^^^^^^^^^^^^^^^^^^^^^^^^^^^^^^^^^^^^^^^^^^
  File "/usr/local/lib/python3.11/site-packages/huggingface_hub/utils/_http.py", line 685, in _httpx_follow_relative_redirects_with_backoff
    response = http_backoff(
               ^^^^^^^^^^^^^
  File "/usr/local/lib/python3.11/site-packages/huggingface_hub/utils/_http.py", line 559, in http_backoff
    return next(
           ^^^^^
  File "/usr/local/lib/python3.11/site-packages/huggingface_hub/utils/_http.py", line 467, in _http_backoff_base
    response = client.request(method=method, url=url, **kwargs)
               ^^^^^^^^^^^^^^^^^^^^^^^^^^^^^^^^^^^^^^^^^^^^^^^^
  File "/usr/local/lib/python3.11/site-packages/httpx/_client.py", line 825, in request
    return self.send(request, auth=auth, follow_redirects=follow_redirects)
           ^^^^^^^^^^^^^^^^^^^^^^^^^^^^^^^^^^^^^^^^^^^^^^^^^^^^^^^^^^^^^^^^
  File "/usr/local/lib/python3.11/site-packages/httpx/_client.py", line 901, in send
    raise RuntimeError("Cannot send a request, as the client has been closed.")
RuntimeError: Cannot send a request, as the client has been closed.
2026-04-05 15:01:21,686 | INFO | tenantai | store_file_vector.py:48 | get_from_kafka() | Listening on file_upload_topic
2026-04-05 15:01:21,685 | INFO | tenantai | get_bot_response.py:51 | get_from_kafka() | Listening on bot_message_topic
2026-04-06 10:58:50,182 | INFO | tenantai | store_file_vector.py:48 | get_from_kafka() | Listening on file_upload_topic
2026-04-06 10:58:50,181 | INFO | tenantai | get_bot_response.py:51 | get_from_kafka() | Listening on bot_message_topic
2026-04-06 11:04:22,069 | INFO | tenantai | get_bot_response.py:51 | get_from_kafka() | Listening on bot_message_topic
2026-04-06 11:04:22,070 | INFO | tenantai | store_file_vector.py:48 | get_from_kafka() | Listening on file_upload_topic
2026-04-06 11:21:34,520 | INFO | tenantai | store_file_vector.py:48 | get_from_kafka() | Listening on file_upload_topic
2026-04-06 11:21:34,521 | INFO | tenantai | get_bot_response.py:51 | get_from_kafka() | Listening on bot_message_topic
2026-04-06 11:37:29,610 | INFO | tenantai | store_file_vector.py:48 | get_from_kafka() | Listening on file_upload_topic
2026-04-06 11:37:29,610 | INFO | tenantai | get_bot_response.py:51 | get_from_kafka() | Listening on bot_message_topic
2026-04-06 11:45:48,741 | INFO | tenantai | store_file_vector.py:48 | get_from_kafka() | Listening on file_upload_topic
2026-04-06 11:45:48,742 | INFO | tenantai | get_bot_response.py:51 | get_from_kafka() | Listening on bot_message_topic
